2025-10-15T12:00:01Z [ERROR] auth-service host4 - authentication failed for user alice@example.com
2025-10-15T12:00:05Z [ERROR] scheduler srv-zz - license expired for org_id=8831
2025-10-15T12:00:08Z [ERROR] inventory host7 - NullPointerException while processing item
2025-10-15T12:00:10Z [INFO] cache-service host6 - Healthcheck passed (latency=90ms)
2025-10-15T12:00:13Z [ERROR] db-service host2 - Database connection timed out after 30s
2025-10-15T12:00:13Z [INFO] cache-service host6 - Cache warmup complete
2025-10-15T12:00:14Z [ERROR] auth-service host4 - invalid credentials for user bob@example.com
2025-10-15T12:00:17Z [ERROR] scheduler host3 - license expired for org_id=8831
2025-10-15T12:00:17Z [WARN] inventory host7 - cache miss ratio 18%
2025-10-15T12:00:34Z [ERROR] scheduler host3 - License validation failed: expired token
2025-10-15T12:00:35Z [ERROR] scheduler host3 - license expired for org_id=8831
2025-10-15T12:00:37Z [ERROR] db-service host2 - Database connection timed out after 30s
2025-10-15T12:00:38Z [ERROR] db-service srv-zz - Database connection timed out after 30s
2025-10-15T12:00:38Z [INFO] db-service host2 - Cache warmup complete
2025-10-15T12:00:44Z [INFO] queue-worker host5 - Cache warmup complete
2025-10-15T12:00:45Z [ERROR] auth-service srv-zz - authentication failed for user alice@example.com
2025-10-15T12:00:45Z [ERROR] inventory srv-zz - NullPointerException while processing item
2025-10-15T12:00:48Z [ERROR] analytics srv-zz - IndexError: list index out of range
2025-10-15T12:00:55Z [WARN] scheduler host3 - Slow query detected: SELECT * FROM orders WHERE ...
2025-10-15T12:01:09Z [INFO] payment host8 - Response 200 OK /login user=alice
2025-10-15T12:01:10Z [INFO] scheduler host3 - Healthcheck passed (latency=90ms)
2025-10-15T12:01:13Z [INFO] cache-service host6 - cleanup finished successfully
2025-10-15T12:01:17Z [INFO] inventory host7 - processed 234 transactions successfully
2025-10-15T12:01:43Z [INFO] scheduler host3 - Request started for /login
2025-10-15T12:01:52Z [INFO] scheduler host3 - Healthcheck passed (latency=90ms)
2025-10-15T12:02:00Z [ERROR] queue-worker host5 - Job invoice_sync failed permanently: HTTP 504
2025-10-15T12:02:05Z [WARN] payment host8 - Slow query detected: SELECT * FROM orders WHERE ...
2025-10-15T12:02:07Z [INFO] cache-service host6 - Response 200 OK /login user=alice
2025-10-15T12:02:23Z [INFO] inventory host7 - Response 200 OK /login user=alice
2025-10-15T12:02:33Z [INFO] payment host8 - processed 234 transactions successfully
2025-10-15T12:02:38Z [INFO] inventory host7 - cleanup finished successfully
2025-10-15T12:02:40Z [INFO] auth-service host4 - Cache warmup complete
2025-10-15T12:02:43Z [WARN] api-server host1 - High latency detected: 2100ms
2025-10-15T12:02:47Z [INFO] queue-worker host5 - processed 234 transactions successfully
2025-10-15T12:02:55Z [INFO] db-service host2 - Cache warmup complete
2025-10-15T12:03:03Z [INFO] scheduler host3 - processed 234 transactions successfully
2025-10-15T12:03:05Z [WARN] db-service host2 - Slow query detected: SELECT * FROM orders WHERE ...
2025-10-15T12:03:08Z [INFO] auth-service host4 - processed 234 transactions successfully
2025-10-15T12:03:09Z [INFO] scheduler host3 - Response 200 OK /login user=alice
2025-10-15T12:03:13Z [WARN] inventory host7 - Retry #3 for job=invoice_sync
2025-10-15T12:03:16Z [INFO] auth-service host4 - processed 234 transactions successfully
2025-10-15T12:03:25Z [ERROR] inventory srv-yy - NoneType object has no attribute 'id'
2025-10-15T12:03:38Z [INFO] api-server host1 - Request started for /login
2025-10-15T12:03:59Z [INFO] db-service host2 - Healthcheck passed (latency=90ms)
2025-10-15T12:04:04Z [INFO] cache-service host6 - Healthcheck passed (latency=90ms)
2025-10-15T12:04:13Z [INFO] payment host8 - Cache warmup complete
2025-10-15T12:04:14Z [INFO] api-server host1 - Request started for /login
2025-10-15T12:04:14Z [INFO] scheduler host3 - Request started for /login
2025-10-15T12:04:37Z [INFO] scheduler host3 - Request started for /login
2025-10-15T12:05:03Z [ERROR] inventory host7 - NoneType object has no attribute 'id'
2025-10-15T12:05:03Z [ERROR] inventory host7 - NullPointerException while processing item
2025-10-15T12:05:03Z [ERROR] payment host8 - Payment gateway returned 401 Unauthorized
2025-10-15T12:05:03Z [ERROR] scheduler host3 - license expired for org_id=8831
2025-10-15T12:05:04Z [ERROR] auth-service srv-zz - authentication failed for user alice@example.com
2025-10-15T12:05:05Z [ERROR] api-server host1 - upstream 502 Bad Gateway from shipping-service
2025-10-15T12:05:06Z [ERROR] scheduler srv-zz - License validation failed: expired token
2025-10-15T12:05:08Z [ERROR] auth-service srv-zz - invalid credentials for user bob@example.com
2025-10-15T12:05:08Z [INFO] inventory host7 - Cache warmup complete
2025-10-15T12:05:09Z [ERROR] auth-service host4 - authentication failed for user alice@example.com
2025-10-15T12:05:15Z [ERROR] analytics srv-zz - IndexError: list index out of range
2025-10-15T12:05:15Z [ERROR] inventory srv-zz - NullPointerException while processing item
2025-10-15T12:05:15Z [ERROR] payment srv-zz - Payment gateway returned 401 Unauthorized
2025-10-15T12:05:15Z [INFO] cache-service host6 - Healthcheck passed (latency=90ms)
2025-10-15T12:05:24Z [ERROR] inventory srv-zz - NoneType object has no attribute 'id'
2025-10-15T12:05:26Z [ERROR] auth-service srv-zz - authentication failed for user alice@example.com
2025-10-15T12:05:26Z [WARN] db-service host2 - High latency detected: 2100ms
2025-10-15T12:05:27Z [ERROR] db-service host2 - Database connection timed out after 30s
2025-10-15T12:05:27Z [ERROR] inventory srv-zz - NullPointerException while processing item
2025-10-15T12:05:37Z [ERROR] db-service srv-zz - Database connection timed out after 30s
2025-10-15T12:05:37Z [WARN] scheduler host3 - Slow query detected: SELECT * FROM orders WHERE ...
2025-10-15T12:05:42Z [INFO] scheduler host3 - Cache warmup complete
2025-10-15T12:05:51Z [ERROR] reporting srv-zz - division by zero in metrics aggregation
2025-10-15T12:05:57Z [ERROR] scheduler host3 - License validation failed: expired token
2025-10-15T12:06:04Z [INFO] db-service host2 - processed 234 transactions successfully
2025-10-15T12:06:07Z [WARN] queue-worker host5 - Retry #3 for job=invoice_sync
2025-10-15T12:06:08Z [WARN] queue-worker host5 - Slow query detected: SELECT * FROM orders WHERE ...
2025-10-15T12:06:13Z [INFO] cache-service host6 - Healthcheck passed (latency=90ms)
2025-10-15T12:06:18Z [INFO] queue-worker host5 - Cache warmup complete
2025-10-15T12:06:23Z [INFO] scheduler host3 - cleanup finished successfully
2025-10-15T12:06:29Z [INFO] api-server host1 - processed 234 transactions successfully
2025-10-15T12:06:29Z [INFO] queue-worker host5 - Request started for /login
2025-10-15T12:06:39Z [ERROR] reporting srv-yy - division by zero in metrics aggregation
2025-10-15T12:06:59Z [INFO] queue-worker host5 - Response 200 OK /login user=alice
2025-10-15T12:07:00Z [INFO] api-server host1 - Response 200 OK /login user=alice
2025-10-15T12:07:07Z [INFO] api-server host1 - Cache warmup complete
2025-10-15T12:07:10Z [WARN] queue-worker host5 - cache miss ratio 18%
2025-10-15T12:07:13Z [INFO] cache-service host6 - Cache warmup complete
2025-10-15T12:07:16Z [WARN] payment host8 - Slow query detected: SELECT * FROM orders WHERE ...
2025-10-15T12:07:27Z [INFO] auth-service host4 - Healthcheck passed (latency=90ms)
2025-10-15T12:07:34Z [INFO] auth-service host4 - Healthcheck passed (latency=90ms)
2025-10-15T12:07:40Z [INFO] db-service host2 - Healthcheck passed (latency=90ms)
2025-10-15T12:07:57Z [WARN] cache-service host6 - Slow query detected: SELECT * FROM orders WHERE ...
2025-10-15T12:08:10Z [WARN] queue-worker host5 - Slow query detected: SELECT * FROM orders WHERE ...
2025-10-15T12:08:49Z [INFO] cache-service host6 - cleanup finished successfully
2025-10-15T12:08:50Z [WARN] cache-service host6 - Retry #3 for job=invoice_sync
2025-10-15T12:08:56Z [INFO] auth-service host4 - Response 200 OK /login user=alice
2025-10-15T12:08:59Z [WARN] auth-service host4 - Retry #3 for job=invoice_sync
2025-10-15T12:09:01Z [INFO] cache-service host6 - Healthcheck passed (latency=90ms)
2025-10-15T12:09:01Z [INFO] scheduler host3 - cleanup finished successfully
2025-10-15T12:09:17Z [WARN] cache-service host6 - High latency detected: 2100ms
2025-10-15T12:09:22Z [INFO] payment host8 - Response 200 OK /login user=alice
2025-10-15T12:09:37Z [ERROR] db-service srv-yy - Database connection refused
2025-10-15T12:09:41Z [INFO] cache-service host6 - Cache warmup complete
2025-10-15T12:09:46Z [WARN] cache-service host6 - cache miss ratio 18%
2025-10-15T12:09:54Z [INFO] api-server host1 - Response 200 OK /login user=alice
2025-10-15T12:10:02Z [ERROR] db-service host2 - Database connection timed out after 30s
2025-10-15T12:10:02Z [ERROR] inventory host7 - NoneType object has no attribute 'id'
2025-10-15T12:10:03Z [ERROR] db-service srv-zz - Database connection refused
2025-10-15T12:10:07Z [ERROR] auth-service srv-zz - authentication failed for user alice@example.com
2025-10-15T12:10:14Z [ERROR] api-server host1 - upstream 502 Bad Gateway from shipping-service
2025-10-15T12:10:14Z [ERROR] inventory srv-zz - NullPointerException while processing item
2025-10-15T12:10:18Z [ERROR] scheduler host3 - license expired for org_id=8831
2025-10-15T12:10:18Z [ERROR] scheduler srv-zz - license expired for org_id=8831
2025-10-15T12:10:23Z [ERROR] scheduler srv-zz - license expired for org_id=8831
2025-10-15T12:10:25Z [ERROR] db-service srv-zz - Database connection timed out after 30s
2025-10-15T12:10:28Z [ERROR] auth-service srv-zz - authentication failed for user alice@example.com
2025-10-15T12:10:28Z [INFO] payment host8 - Healthcheck passed (latency=90ms)
2025-10-15T12:10:29Z [ERROR] auth-service srv-zz - authentication failed for user alice@example.com
2025-10-15T12:10:31Z [ERROR] api-server host1 - Database timed out for endpoint /user
2025-10-15T12:10:35Z [ERROR] scheduler srv-zz - License validation failed: expired token
2025-10-15T12:10:39Z [WARN] payment host8 - cache miss ratio 18%
2025-10-15T12:10:40Z [INFO] payment host8 - Response 200 OK /login user=alice
2025-10-15T12:10:42Z [ERROR] queue-worker srv-zz - Job invoice_sync failed permanently: HTTP 504
2025-10-15T12:10:42Z [ERROR] scheduler srv-zz - License validation failed: expired token
2025-10-15T12:10:42Z [WARN] payment host8 - High latency detected: 2100ms
2025-10-15T12:10:43Z [ERROR] api-server srv-zz - Database timed out for endpoint /user
2025-10-15T12:10:49Z [INFO] queue-worker host5 - processed 234 transactions successfully
2025-10-15T12:10:50Z [ERROR] api-server host1 - upstream 502 Bad Gateway from shipping-service
2025-10-15T12:10:52Z [ERROR] api-server srv-zz - upstream 502 Bad Gateway from shipping-service
2025-10-15T12:10:53Z [INFO] scheduler host3 - Cache warmup complete
2025-10-15T12:10:57Z [ERROR] payment srv-zz - Payment gateway returned 401 Unauthorized
2025-10-15T12:10:57Z [WARN] payment host8 - Retry #3 for job=invoice_sync
2025-10-15T12:11:04Z [WARN] payment host8 - Retry #3 for job=invoice_sync
2025-10-15T12:11:08Z [INFO] db-service host2 - cleanup finished successfully
2025-10-15T12:11:13Z [WARN] api-server host1 - cache miss ratio 18%
2025-10-15T12:11:21Z [INFO] inventory host7 - cleanup finished successfully
2025-10-15T12:11:21Z [INFO] queue-worker host5 - processed 234 transactions successfully
2025-10-15T12:11:45Z [INFO] auth-service host4 - cleanup finished successfully
2025-10-15T12:11:54Z [WARN] api-server host1 - cache miss ratio 18%
2025-10-15T12:12:05Z [INFO] api-server host1 - Response 200 OK /login user=alice
2025-10-15T12:12:11Z [INFO] payment host8 - cleanup finished successfully
2025-10-15T12:12:14Z [INFO] payment host8 - cleanup finished successfully
2025-10-15T12:12:22Z [INFO] api-server host1 - cleanup finished successfully
2025-10-15T12:12:24Z [INFO] api-server host1 - Cache warmup complete
2025-10-15T12:12:34Z [WARN] inventory host7 - Retry #3 for job=invoice_sync
2025-10-15T12:12:39Z [INFO] auth-service host4 - cleanup finished successfully
2025-10-15T12:12:46Z [INFO] inventory host7 - cleanup finished successfully
2025-10-15T12:13:08Z [INFO] scheduler host3 - Request started for /login
2025-10-15T12:13:29Z [INFO] scheduler host3 - cleanup finished successfully
2025-10-15T12:13:41Z [INFO] scheduler host3 - Cache warmup complete
2025-10-15T12:13:47Z [INFO] api-server host1 - Healthcheck passed (latency=90ms)
2025-10-15T12:13:48Z [ERROR] db-service srv-yy - Database connection refused
2025-10-15T12:13:48Z [INFO] api-server host1 - Response 200 OK /login user=alice
2025-10-15T12:13:53Z [INFO] scheduler host3 - Response 200 OK /login user=alice
2025-10-15T12:14:04Z [INFO] cache-service host6 - Healthcheck passed (latency=90ms)
2025-10-15T12:14:06Z [INFO] scheduler host3 - Healthcheck passed (latency=90ms)
2025-10-15T12:14:25Z [WARN] inventory host7 - Retry #3 for job=invoice_sync
2025-10-15T12:14:29Z [INFO] scheduler host3 - Healthcheck passed (latency=90ms)
2025-10-15T12:14:37Z [INFO] db-service host2 - Cache warmup complete
2025-10-15T12:14:37Z [INFO] db-service host2 - Healthcheck passed (latency=90ms)
2025-10-15T12:14:38Z [INFO] auth-service host4 - Cache warmup complete
2025-10-15T12:14:49Z [WARN] db-service host2 - High latency detected: 2100ms
2025-10-15T12:14:50Z [ERROR] queue-worker srv-yy - Job invoice_sync failed permanently: HTTP 504
2025-10-15T12:15:14Z [INFO] queue-worker host5 - Request started for /login
2025-10-15T12:15:17Z [ERROR] queue-worker host5 - Job invoice_sync failed permanently: HTTP 504
2025-10-15T12:15:17Z [INFO] payment host8 - Healthcheck passed (latency=90ms)
2025-10-15T12:15:18Z [WARN] db-service host2 - Retry #3 for job=invoice_sync
2025-10-15T12:15:21Z [ERROR] scheduler host3 - license expired for org_id=8831
2025-10-15T12:15:22Z [INFO] cache-service host6 - Cache warmup complete
2025-10-15T12:15:27Z [ERROR] analytics srv-zz - IndexError: list index out of range
2025-10-15T12:15:27Z [ERROR] inventory srv-zz - NullPointerException while processing item
2025-10-15T12:15:28Z [WARN] payment host8 - Slow query detected: SELECT * FROM orders WHERE ...
2025-10-15T12:15:29Z [ERROR] auth-service srv-zz - invalid credentials for user bob@example.com
2025-10-15T12:15:31Z [ERROR] auth-service srv-zz - invalid credentials for user bob@example.com
2025-10-15T12:15:33Z [ERROR] payment host8 - Payment gateway returned 401 Unauthorized
2025-10-15T12:15:35Z [WARN] payment host8 - High latency detected: 2100ms
2025-10-15T12:15:39Z [ERROR] reporting srv-zz - division by zero in metrics aggregation
2025-10-15T12:15:42Z [WARN] queue-worker host5 - High latency detected: 2100ms
2025-10-15T12:15:44Z [WARN] inventory host7 - Retry #3 for job=invoice_sync
2025-10-15T12:15:46Z [ERROR] inventory host7 - NullPointerException while processing item
2025-10-15T12:15:54Z [ERROR] db-service srv-zz - Database connection refused
2025-10-15T12:15:54Z [ERROR] inventory host7 - NoneType object has no attribute 'id'
2025-10-15T12:15:56Z [ERROR] inventory srv-zz - NoneType object has no attribute 'id'
2025-10-15T12:16:06Z [WARN] queue-worker host5 - High latency detected: 2100ms
2025-10-15T12:16:12Z [INFO] auth-service host4 - cleanup finished successfully
2025-10-15T12:16:16Z [WARN] api-server host1 - cache miss ratio 18%
2025-10-15T12:16:17Z [INFO] auth-service host4 - Request started for /login
2025-10-15T12:16:20Z [INFO] scheduler host3 - processed 234 transactions successfully
2025-10-15T12:16:23Z [INFO] scheduler host3 - Request started for /login
2025-10-15T12:16:30Z [INFO] payment host8 - Response 200 OK /login user=alice
2025-10-15T12:16:44Z [WARN] queue-worker host5 - cache miss ratio 18%
2025-10-15T12:16:46Z [INFO] queue-worker host5 - processed 234 transactions successfully
2025-10-15T12:16:55Z [INFO] db-service host2 - Healthcheck passed (latency=90ms)
2025-10-15T12:17:05Z [ERROR] scheduler host3 - License validation failed: expired token
2025-10-15T12:17:09Z [INFO] api-server host1 - processed 234 transactions successfully
2025-10-15T12:17:19Z [INFO] inventory host7 - Request started for /login
2025-10-15T12:17:25Z [INFO] db-service host2 - processed 234 transactions successfully
2025-10-15T12:17:28Z [WARN] inventory host7 - High latency detected: 2100ms
2025-10-15T12:18:02Z [INFO] queue-worker host5 - Cache warmup complete
2025-10-15T12:18:27Z [INFO] scheduler host3 - Response 200 OK /login user=alice
2025-10-15T12:18:28Z [INFO] inventory host7 - cleanup finished successfully
2025-10-15T12:18:35Z [INFO] auth-service host4 - Request started for /login
2025-10-15T12:18:42Z [INFO] queue-worker host5 - Response 200 OK /login user=alice
2025-10-15T12:18:44Z [WARN] queue-worker host5 - Slow query detected: SELECT * FROM orders WHERE ...
2025-10-15T12:18:48Z [INFO] db-service host2 - Response 200 OK /login user=alice
2025-10-15T12:18:58Z [INFO] auth-service host4 - Response 200 OK /login user=alice
2025-10-15T12:18:59Z [INFO] scheduler host3 - Cache warmup complete
2025-10-15T12:19:05Z [INFO] payment host8 - cleanup finished successfully
2025-10-15T12:19:07Z [INFO] payment host8 - Healthcheck passed (latency=90ms)
2025-10-15T12:19:10Z [WARN] api-server host1 - High latency detected: 2100ms
2025-10-15T12:19:17Z [INFO] inventory host7 - cleanup finished successfully
2025-10-15T12:19:38Z [INFO] cache-service host6 - Request started for /login
2025-10-15T12:20:03Z [ERROR] scheduler srv-zz - license expired for org_id=8831
2025-10-15T12:20:05Z [ERROR] scheduler host3 - license expired for org_id=8831
2025-10-15T12:20:05Z [ERROR] scheduler srv-zz - License validation failed: expired token
2025-10-15T12:20:05Z [WARN] inventory host7 - Retry #3 for job=invoice_sync
2025-10-15T12:20:15Z [INFO] payment host8 - cleanup finished successfully
2025-10-15T12:20:17Z [ERROR] auth-service srv-zz - invalid credentials for user bob@example.com
2025-10-15T12:20:19Z [WARN] auth-service host4 - Slow query detected: SELECT * FROM orders WHERE ...
2025-10-15T12:20:20Z [ERROR] api-server srv-zz - Database timed out for endpoint /user
2025-10-15T12:20:26Z [ERROR] auth-service srv-zz - invalid credentials for user bob@example.com
2025-10-15T12:20:26Z [INFO] queue-worker host5 - cleanup finished successfully
2025-10-15T12:20:29Z [WARN] db-service host2 - Slow query detected: SELECT * FROM orders WHERE ...
2025-10-15T12:20:31Z [INFO] auth-service host4 - Cache warmup complete
2025-10-15T12:20:32Z [INFO] queue-worker host5 - Cache warmup complete
2025-10-15T12:20:40Z [ERROR] db-service host2 - Database connection timed out after 30s
2025-10-15T12:20:42Z [ERROR] analytics srv-zz - IndexError: list index out of range
2025-10-15T12:20:43Z [ERROR] reporting srv-zz - division by zero in metrics aggregation
2025-10-15T12:20:48Z [ERROR] analytics srv-zz - IndexError: list index out of range
2025-10-15T12:20:48Z [ERROR] auth-service host4 - invalid credentials for user bob@example.com
2025-10-15T12:20:49Z [ERROR] inventory host7 - NullPointerException while processing item
2025-10-15T12:20:52Z [ERROR] payment srv-zz - Payment gateway returned 401 Unauthorized
2025-10-15T12:20:56Z [ERROR] db-service host2 - Database connection refused
2025-10-15T12:20:58Z [ERROR] scheduler srv-zz - License validation failed: expired token
2025-10-15T12:21:18Z [WARN] api-server host1 - cache miss ratio 18%
2025-10-15T12:21:20Z [WARN] api-server host1 - cache miss ratio 18%
2025-10-15T12:21:24Z [INFO] auth-service host4 - processed 234 transactions successfully
2025-10-15T12:21:28Z [INFO] auth-service host4 - Healthcheck passed (latency=90ms)
2025-10-15T12:21:35Z [WARN] cache-service host6 - cache miss ratio 18%
2025-10-15T12:21:36Z [INFO] scheduler host3 - cleanup finished successfully
2025-10-15T12:21:55Z [INFO] auth-service host4 - cleanup finished successfully
2025-10-15T12:21:59Z [INFO] payment host8 - Response 200 OK /login user=alice
2025-10-15T12:21:59Z [WARN] cache-service host6 - High latency detected: 2100ms
2025-10-15T12:22:04Z [INFO] auth-service host4 - Healthcheck passed (latency=90ms)
2025-10-15T12:22:06Z [INFO] payment host8 - cleanup finished successfully
2025-10-15T12:22:20Z [INFO] inventory host7 - cleanup finished successfully
2025-10-15T12:22:31Z [ERROR] scheduler host3 - license expired for org_id=8831
2025-10-15T12:22:39Z [INFO] api-server host1 - Cache warmup complete
2025-10-15T12:22:39Z [INFO] cache-service host6 - Cache warmup complete
2025-10-15T12:22:46Z [INFO] api-server host1 - Cache warmup complete
2025-10-15T12:22:54Z [INFO] db-service host2 - Cache warmup complete
2025-10-15T12:23:10Z [INFO] payment host8 - Request started for /login
2025-10-15T12:23:11Z [INFO] auth-service host4 - cleanup finished successfully
2025-10-15T12:23:14Z [WARN] queue-worker host5 - cache miss ratio 18%
2025-10-15T12:23:20Z [WARN] api-server host1 - High latency detected: 2100ms
2025-10-15T12:23:23Z [INFO] cache-service host6 - Response 200 OK /login user=alice
2025-10-15T12:23:29Z [INFO] scheduler host3 - cleanup finished successfully
2025-10-15T12:23:31Z [WARN] scheduler host3 - Retry #3 for job=invoice_sync
2025-10-15T12:23:36Z [INFO] inventory host7 - Response 200 OK /login user=alice
2025-10-15T12:23:42Z [INFO] queue-worker host5 - cleanup finished successfully
2025-10-15T12:23:48Z [INFO] db-service host2 - Request started for /login
2025-10-15T12:24:04Z [INFO] auth-service host4 - Healthcheck passed (latency=90ms)
2025-10-15T12:24:17Z [INFO] inventory host7 - Cache warmup complete
2025-10-15T12:24:24Z [INFO] scheduler host3 - processed 234 transactions successfully
2025-10-15T12:24:24Z [WARN] scheduler host3 - Slow query detected: SELECT * FROM orders WHERE ...
2025-10-15T12:24:40Z [ERROR] inventory srv-yy - NoneType object has no attribute 'id'
2025-10-15T12:24:44Z [INFO] queue-worker host5 - Cache warmup complete
2025-10-15T12:24:58Z [INFO] api-server host1 - cleanup finished successfully
2025-10-15T12:25:02Z [WARN] api-server host1 - High latency detected: 2100ms
2025-10-15T12:25:04Z [ERROR] auth-service srv-zz - authentication failed for user alice@example.com
2025-10-15T12:25:05Z [ERROR] queue-worker srv-zz - Job invoice_sync failed permanently: HTTP 504
2025-10-15T12:25:07Z [WARN] inventory host7 - Retry #3 for job=invoice_sync
2025-10-15T12:25:07Z [WARN] payment host8 - Slow query detected: SELECT * FROM orders WHERE ...
2025-10-15T12:25:11Z [ERROR] inventory srv-zz - NullPointerException while processing item
2025-10-15T12:25:14Z [ERROR] auth-service host4 - invalid credentials for user bob@example.com
2025-10-15T12:25:16Z [ERROR] analytics srv-zz - IndexError: list index out of range
2025-10-15T12:25:23Z [INFO] payment host8 - Cache warmup complete
2025-10-15T12:25:29Z [ERROR] auth-service srv-zz - invalid credentials for user bob@example.com
2025-10-15T12:25:33Z [ERROR] auth-service host4 - invalid credentials for user bob@example.com
2025-10-15T12:25:37Z [INFO] inventory host7 - Cache warmup complete
2025-10-15T12:25:40Z [ERROR] db-service srv-zz - Database connection timed out after 30s
2025-10-15T12:25:43Z [ERROR] db-service srv-zz - Database connection timed out after 30s
2025-10-15T12:25:47Z [ERROR] payment srv-zz - Payment gateway returned 401 Unauthorized
2025-10-15T12:25:49Z [ERROR] reporting srv-zz - division by zero in metrics aggregation
2025-10-15T12:25:50Z [ERROR] auth-service host4 - invalid credentials for user bob@example.com
2025-10-15T12:25:50Z [ERROR] scheduler host3 - license expired for org_id=8831
2025-10-15T12:25:52Z [ERROR] scheduler host3 - license expired for org_id=8831
2025-10-15T12:25:54Z [ERROR] queue-worker host5 - Job invoice_sync failed permanently: HTTP 504
2025-10-15T12:25:56Z [INFO] auth-service host4 - cleanup finished successfully
2025-10-15T12:25:56Z [WARN] scheduler host3 - Retry #3 for job=invoice_sync
2025-10-15T12:25:58Z [ERROR] db-service srv-zz - Database connection refused
2025-10-15T12:26:02Z [INFO] queue-worker host5 - Response 200 OK /login user=alice
2025-10-15T12:26:03Z [INFO] cache-service host6 - Response 200 OK /login user=alice
2025-10-15T12:26:04Z [WARN] scheduler host3 - Retry #3 for job=invoice_sync
2025-10-15T12:26:28Z [ERROR] payment srv-yy - Payment gateway returned 401 Unauthorized
2025-10-15T12:26:41Z [INFO] scheduler host3 - Request started for /login
2025-10-15T12:26:50Z [INFO] api-server host1 - Response 200 OK /login user=alice
2025-10-15T12:26:50Z [WARN] auth-service host4 - Slow query detected: SELECT * FROM orders WHERE ...
2025-10-15T12:26:52Z [WARN] scheduler host3 - High latency detected: 2100ms
2025-10-15T12:26:53Z [INFO] db-service host2 - cleanup finished successfully
2025-10-15T12:26:54Z [WARN] db-service host2 - Slow query detected: SELECT * FROM orders WHERE ...
2025-10-15T12:27:01Z [INFO] cache-service host6 - Request started for /login
2025-10-15T12:27:08Z [INFO] auth-service host4 - Response 200 OK /login user=alice
2025-10-15T12:27:22Z [WARN] api-server host1 - Retry #3 for job=invoice_sync
2025-10-15T12:27:28Z [INFO] db-service host2 - processed 234 transactions successfully
2025-10-15T12:27:30Z [INFO] db-service host2 - Healthcheck passed (latency=90ms)
2025-10-15T12:27:42Z [WARN] db-service host2 - Retry #3 for job=invoice_sync
2025-10-15T12:27:47Z [INFO] auth-service host4 - Request started for /login
2025-10-15T12:28:04Z [INFO] auth-service host4 - processed 234 transactions successfully
2025-10-15T12:28:29Z [INFO] queue-worker host5 - Request started for /login
2025-10-15T12:28:30Z [WARN] api-server host1 - cache miss ratio 18%
2025-10-15T12:28:31Z [WARN] db-service host2 - cache miss ratio 18%
2025-10-15T12:28:57Z [INFO] db-service host2 - processed 234 transactions successfully
2025-10-15T12:29:20Z [INFO] db-service host2 - Cache warmup complete
2025-10-15T12:29:23Z [ERROR] inventory host7 - NoneType object has no attribute 'id'
2025-10-15T12:29:24Z [ERROR] inventory srv-yy - NoneType object has no attribute 'id'
2025-10-15T12:29:28Z [WARN] inventory host7 - cache miss ratio 18%
2025-10-15T12:29:37Z [ERROR] db-service srv-yy - Database connection refused
2025-10-15T12:29:47Z [WARN] db-service host2 - Retry #3 for job=invoice_sync
2025-10-15T12:29:50Z [WARN] db-service host2 - Retry #3 for job=invoice_sync
2025-10-15T12:29:52Z [INFO] cache-service host6 - cleanup finished successfully
2025-10-15T12:29:53Z [INFO] db-service host2 - cleanup finished successfully
2025-10-15T12:29:55Z [INFO] cache-service host6 - cleanup finished successfully
2025-10-15T12:30:04Z [ERROR] db-service host2 - Database connection timed out after 30s
2025-10-15T12:30:07Z [ERROR] reporting srv-zz - division by zero in metrics aggregation
2025-10-15T12:30:11Z [ERROR] auth-service srv-zz - invalid credentials for user bob@example.com
2025-10-15T12:30:13Z [INFO] queue-worker host5 - processed 234 transactions successfully
2025-10-15T12:30:14Z [ERROR] queue-worker srv-zz - Job invoice_sync failed permanently: HTTP 504
2025-10-15T12:30:17Z [WARN] db-service host2 - cache miss ratio 18%
2025-10-15T12:30:18Z [ERROR] scheduler host3 - license expired for org_id=8831
2025-10-15T12:30:18Z [INFO] db-service host2 - Cache warmup complete
2025-10-15T12:30:22Z [ERROR] api-server srv-zz - Database timed out for endpoint /user
2025-10-15T12:30:22Z [INFO] db-service host2 - cleanup finished successfully
2025-10-15T12:30:29Z [ERROR] scheduler srv-zz - license expired for org_id=8831
2025-10-15T12:30:31Z [WARN] inventory host7 - cache miss ratio 18%
2025-10-15T12:30:36Z [ERROR] api-server srv-zz - Database timed out for endpoint /user
2025-10-15T12:30:38Z [ERROR] queue-worker host5 - Job invoice_sync failed permanently: HTTP 504
2025-10-15T12:30:46Z [ERROR] db-service host2 - Database connection refused
2025-10-15T12:30:47Z [ERROR] scheduler srv-zz - License validation failed: expired token
2025-10-15T12:30:48Z [WARN] auth-service host4 - Slow query detected: SELECT * FROM orders WHERE ...
2025-10-15T12:30:51Z [ERROR] inventory host7 - NullPointerException while processing item
2025-10-15T12:31:04Z [INFO] cache-service host6 - Cache warmup complete
2025-10-15T12:31:11Z [INFO] inventory host7 - processed 234 transactions successfully
2025-10-15T12:31:18Z [INFO] inventory host7 - Request started for /login
2025-10-15T12:31:20Z [INFO] queue-worker host5 - cleanup finished successfully
2025-10-15T12:31:25Z [ERROR] auth-service srv-yy - authentication failed for user alice@example.com
2025-10-15T12:31:27Z [INFO] api-server host1 - Request started for /login
2025-10-15T12:31:32Z [INFO] scheduler host3 - Cache warmup complete
2025-10-15T12:31:33Z [INFO] payment host8 - Request started for /login
2025-10-15T12:31:36Z [INFO] cache-service host6 - cleanup finished successfully
2025-10-15T12:31:49Z [INFO] scheduler host3 - Healthcheck passed (latency=90ms)
2025-10-15T12:32:05Z [INFO] cache-service host6 - Request started for /login
2025-10-15T12:32:21Z [WARN] scheduler host3 - Slow query detected: SELECT * FROM orders WHERE ...
2025-10-15T12:32:25Z [WARN] db-service host2 - High latency detected: 2100ms
2025-10-15T12:32:27Z [INFO] scheduler host3 - processed 234 transactions successfully
2025-10-15T12:32:33Z [INFO] db-service host2 - Healthcheck passed (latency=90ms)
2025-10-15T12:32:46Z [ERROR] api-server host1 - Database timed out for endpoint /user
2025-10-15T12:32:51Z [WARN] auth-service host4 - cache miss ratio 18%
2025-10-15T12:33:09Z [INFO] cache-service host6 - cleanup finished successfully
2025-10-15T12:33:16Z [INFO] auth-service host4 - processed 234 transactions successfully
2025-10-15T12:33:43Z [WARN] payment host8 - High latency detected: 2100ms
2025-10-15T12:33:48Z [WARN] auth-service host4 - Slow query detected: SELECT * FROM orders WHERE ...
2025-10-15T12:33:49Z [INFO] auth-service host4 - cleanup finished successfully
2025-10-15T12:34:02Z [INFO] payment host8 - Healthcheck passed (latency=90ms)
2025-10-15T12:34:28Z [INFO] api-server host1 - Healthcheck passed (latency=90ms)
2025-10-15T12:34:28Z [WARN] api-server host1 - Retry #3 for job=invoice_sync
2025-10-15T12:34:29Z [INFO] inventory host7 - Cache warmup complete
2025-10-15T12:34:32Z [INFO] cache-service host6 - cleanup finished successfully
2025-10-15T12:34:38Z [INFO] cache-service host6 - Response 200 OK /login user=alice
2025-10-15T12:34:41Z [WARN] db-service host2 - Slow query detected: SELECT * FROM orders WHERE ...
2025-10-15T12:34:50Z [INFO] queue-worker host5 - Request started for /login
2025-10-15T12:35:05Z [ERROR] api-server srv-zz - Database timed out for endpoint /user
2025-10-15T12:35:08Z [INFO] scheduler host3 - Response 200 OK /login user=alice
2025-10-15T12:35:16Z [ERROR] api-server srv-zz - Database timed out for endpoint /user
2025-10-15T12:35:18Z [INFO] db-service host2 - Request started for /login
2025-10-15T12:35:19Z [ERROR] analytics srv-zz - IndexError: list index out of range
2025-10-15T12:35:19Z [WARN] cache-service host6 - Retry #3 for job=invoice_sync
2025-10-15T12:35:21Z [ERROR] scheduler srv-zz - License validation failed: expired token
2025-10-15T12:35:21Z [WARN] scheduler host3 - cache miss ratio 18%
2025-10-15T12:35:23Z [ERROR] auth-service srv-zz - invalid credentials for user bob@example.com
2025-10-15T12:35:26Z [ERROR] reporting srv-zz - division by zero in metrics aggregation
2025-10-15T12:35:32Z [ERROR] db-service host2 - Database connection timed out after 30s
2025-10-15T12:35:35Z [ERROR] scheduler host3 - license expired for org_id=8831
2025-10-15T12:35:38Z [ERROR] db-service srv-zz - Database connection refused
2025-10-15T12:35:41Z [ERROR] inventory srv-zz - NullPointerException while processing item
2025-10-15T12:35:42Z [ERROR] inventory host7 - NullPointerException while processing item
2025-10-15T12:35:45Z [ERROR] inventory host7 - NoneType object has no attribute 'id'
2025-10-15T12:35:50Z [ERROR] scheduler host3 - license expired for org_id=8831
2025-10-15T12:36:23Z [INFO] scheduler host3 - processed 234 transactions successfully
2025-10-15T12:36:29Z [WARN] payment host8 - cache miss ratio 18%
2025-10-15T12:36:34Z [INFO] scheduler host3 - cleanup finished successfully
2025-10-15T12:36:38Z [INFO] auth-service host4 - Response 200 OK /login user=alice
2025-10-15T12:36:42Z [INFO] api-server host1 - processed 234 transactions successfully
2025-10-15T12:36:43Z [WARN] cache-service host6 - cache miss ratio 18%
2025-10-15T12:36:46Z [INFO] auth-service host4 - cleanup finished successfully
2025-10-15T12:36:48Z [WARN] queue-worker host5 - cache miss ratio 18%
2025-10-15T12:36:53Z [INFO] auth-service host4 - processed 234 transactions successfully
2025-10-15T12:37:03Z [INFO] queue-worker host5 - Healthcheck passed (latency=90ms)
2025-10-15T12:37:05Z [WARN] queue-worker host5 - High latency detected: 2100ms
2025-10-15T12:37:10Z [WARN] inventory host7 - Retry #3 for job=invoice_sync
2025-10-15T12:37:23Z [INFO] db-service host2 - Healthcheck passed (latency=90ms)
2025-10-15T12:37:32Z [INFO] inventory host7 - cleanup finished successfully
2025-10-15T12:37:45Z [WARN] db-service host2 - Slow query detected: SELECT * FROM orders WHERE ...
2025-10-15T12:37:57Z [INFO] payment host8 - cleanup finished successfully
2025-10-15T12:37:58Z [INFO] db-service host2 - cleanup finished successfully
2025-10-15T12:37:59Z [INFO] cache-service host6 - Request started for /login
2025-10-15T12:38:07Z [WARN] inventory host7 - Retry #3 for job=invoice_sync
2025-10-15T12:38:16Z [INFO] api-server host1 - Response 200 OK /login user=alice
2025-10-15T12:38:28Z [INFO] payment host8 - Request started for /login
2025-10-15T12:38:50Z [INFO] cache-service host6 - Request started for /login
2025-10-15T12:38:58Z [WARN] queue-worker host5 - Retry #3 for job=invoice_sync
2025-10-15T12:39:03Z [INFO] db-service host2 - Cache warmup complete
2025-10-15T12:39:04Z [INFO] payment host8 - cleanup finished successfully
2025-10-15T12:39:15Z [INFO] cache-service host6 - Response 200 OK /login user=alice
2025-10-15T12:39:18Z [INFO] auth-service host4 - processed 234 transactions successfully
2025-10-15T12:39:33Z [ERROR] inventory host7 - NullPointerException while processing item
2025-10-15T12:39:40Z [INFO] api-server host1 - Response 200 OK /login user=alice
2025-10-15T12:39:55Z [INFO] inventory host7 - Cache warmup complete
2025-10-15T12:40:01Z [INFO] auth-service host4 - Response 200 OK /login user=alice
2025-10-15T12:40:02Z [ERROR] scheduler host3 - license expired for org_id=8831
2025-10-15T12:40:04Z [INFO] api-server host1 - Cache warmup complete
2025-10-15T12:40:07Z [ERROR] analytics srv-zz - IndexError: list index out of range
2025-10-15T12:40:10Z [WARN] inventory host7 - cache miss ratio 18%
2025-10-15T12:40:11Z [ERROR] inventory srv-zz - NoneType object has no attribute 'id'
2025-10-15T12:40:18Z [ERROR] auth-service host4 - authentication failed for user alice@example.com
2025-10-15T12:40:19Z [WARN] queue-worker host5 - cache miss ratio 18%
2025-10-15T12:40:20Z [ERROR] reporting srv-zz - division by zero in metrics aggregation
2025-10-15T12:40:23Z [ERROR] db-service srv-zz - Database connection timed out after 30s
2025-10-15T12:40:23Z [INFO] inventory host7 - processed 234 transactions successfully
2025-10-15T12:40:28Z [WARN] cache-service host6 - Slow query detected: SELECT * FROM orders WHERE ...
2025-10-15T12:40:34Z [ERROR] db-service host2 - Database connection refused
2025-10-15T12:40:39Z [WARN] cache-service host6 - cache miss ratio 18%
2025-10-15T12:40:40Z [ERROR] api-server host1 - Database timed out for endpoint /user
2025-10-15T12:40:45Z [ERROR] analytics srv-zz - IndexError: list index out of range
2025-10-15T12:40:46Z [ERROR] scheduler host3 - License validation failed: expired token
2025-10-15T12:40:47Z [ERROR] scheduler srv-zz - License validation failed: expired token
2025-10-15T12:40:48Z [ERROR] auth-service srv-zz - invalid credentials for user bob@example.com
2025-10-15T12:40:49Z [ERROR] scheduler host3 - license expired for org_id=8831
2025-10-15T12:40:50Z [ERROR] auth-service host4 - authentication failed for user alice@example.com
2025-10-15T12:40:52Z [ERROR] auth-service host4 - invalid credentials for user bob@example.com
2025-10-15T12:40:53Z [ERROR] analytics srv-zz - IndexError: list index out of range
2025-10-15T12:40:55Z [ERROR] queue-worker srv-zz - Job invoice_sync failed permanently: HTTP 504
2025-10-15T12:40:59Z [ERROR] queue-worker host5 - Job invoice_sync failed permanently: HTTP 504
2025-10-15T12:41:02Z [INFO] payment host8 - Response 200 OK /login user=alice
2025-10-15T12:41:15Z [ERROR] api-server srv-yy - Database timed out for endpoint /user
2025-10-15T12:41:23Z [INFO] cache-service host6 - Request started for /login
2025-10-15T12:41:23Z [INFO] cache-service host6 - processed 234 transactions successfully
2025-10-15T12:41:33Z [INFO] auth-service host4 - Healthcheck passed (latency=90ms)
2025-10-15T12:41:38Z [INFO] api-server host1 - cleanup finished successfully
2025-10-15T12:41:44Z [WARN] queue-worker host5 - cache miss ratio 18%
2025-10-15T12:41:45Z [INFO] queue-worker host5 - processed 234 transactions successfully
2025-10-15T12:41:58Z [INFO] inventory host7 - Healthcheck passed (latency=90ms)
2025-10-15T12:42:08Z [WARN] db-service host2 - cache miss ratio 18%
2025-10-15T12:42:12Z [WARN] db-service host2 - Retry #3 for job=invoice_sync
2025-10-15T12:42:42Z [INFO] cache-service host6 - Request started for /login
2025-10-15T12:42:50Z [INFO] auth-service host4 - Response 200 OK /login user=alice
2025-10-15T12:42:57Z [INFO] queue-worker host5 - Response 200 OK /login user=alice
2025-10-15T12:42:57Z [WARN] auth-service host4 - Slow query detected: SELECT * FROM orders WHERE ...
2025-10-15T12:43:08Z [WARN] cache-service host6 - Retry #3 for job=invoice_sync
2025-10-15T12:43:23Z [INFO] api-server host1 - Healthcheck passed (latency=90ms)
2025-10-15T12:43:25Z [ERROR] reporting srv-yy - division by zero in metrics aggregation
2025-10-15T12:43:27Z [INFO] auth-service host4 - Request started for /login
2025-10-15T12:43:33Z [INFO] db-service host2 - Response 200 OK /login user=alice
2025-10-15T12:43:41Z [INFO] cache-service host6 - cleanup finished successfully
2025-10-15T12:43:51Z [ERROR] db-service host2 - Database connection refused
2025-10-15T12:43:52Z [INFO] inventory host7 - Response 200 OK /login user=alice
2025-10-15T12:44:08Z [INFO] queue-worker host5 - processed 234 transactions successfully
2025-10-15T12:44:10Z [INFO] auth-service host4 - Cache warmup complete
2025-10-15T12:44:32Z [INFO] db-service host2 - processed 234 transactions successfully
2025-10-15T12:44:53Z [WARN] cache-service host6 - Slow query detected: SELECT * FROM orders WHERE ...
2025-10-15T12:44:54Z [INFO] queue-worker host5 - Response 200 OK /login user=alice
2025-10-15T12:44:59Z [WARN] cache-service host6 - High latency detected: 2100ms
2025-10-15T12:45:05Z [ERROR] auth-service host4 - invalid credentials for user bob@example.com
2025-10-15T12:45:08Z [ERROR] reporting srv-zz - division by zero in metrics aggregation
2025-10-15T12:45:12Z [WARN] cache-service host6 - Retry #3 for job=invoice_sync
2025-10-15T12:45:15Z [INFO] payment host8 - Response 200 OK /login user=alice
2025-10-15T12:45:18Z [ERROR] reporting srv-zz - division by zero in metrics aggregation
2025-10-15T12:45:20Z [ERROR] db-service srv-zz - Database connection refused
2025-10-15T12:45:21Z [ERROR] scheduler srv-zz - license expired for org_id=8831
2025-10-15T12:45:25Z [INFO] db-service host2 - processed 234 transactions successfully
2025-10-15T12:45:28Z [ERROR] db-service host2 - Database connection refused
2025-10-15T12:45:28Z [ERROR] inventory host7 - NoneType object has no attribute 'id'
2025-10-15T12:45:29Z [ERROR] db-service host2 - Database connection timed out after 30s
2025-10-15T12:45:30Z [ERROR] scheduler srv-zz - License validation failed: expired token
2025-10-15T12:45:31Z [INFO] queue-worker host5 - Request started for /login
2025-10-15T12:45:32Z [WARN] payment host8 - cache miss ratio 18%
2025-10-15T12:45:46Z [ERROR] queue-worker srv-zz - Job invoice_sync failed permanently: HTTP 504
2025-10-15T12:45:49Z [ERROR] db-service srv-zz - Database connection timed out after 30s
2025-10-15T12:45:52Z [WARN] auth-service host4 - High latency detected: 2100ms
2025-10-15T12:45:56Z [ERROR] auth-service srv-zz - invalid credentials for user bob@example.com
2025-10-15T12:46:03Z [INFO] cache-service host6 - cleanup finished successfully
2025-10-15T12:46:08Z [WARN] inventory host7 - High latency detected: 2100ms
2025-10-15T12:46:18Z [INFO] payment host8 - Request started for /login
2025-10-15T12:46:23Z [INFO] inventory host7 - Request started for /login
2025-10-15T12:46:23Z [INFO] scheduler host3 - Request started for /login
2025-10-15T12:46:25Z [INFO] db-service host2 - Healthcheck passed (latency=90ms)
2025-10-15T12:46:32Z [INFO] inventory host7 - processed 234 transactions successfully
2025-10-15T12:46:48Z [INFO] cache-service host6 - processed 234 transactions successfully
2025-10-15T12:46:52Z [ERROR] db-service host2 - Database connection refused
2025-10-15T12:47:09Z [INFO] payment host8 - processed 234 transactions successfully
2025-10-15T12:47:20Z [WARN] auth-service host4 - High latency detected: 2100ms
2025-10-15T12:47:23Z [INFO] api-server host1 - Request started for /login
2025-10-15T12:47:25Z [ERROR] queue-worker srv-yy - Job invoice_sync failed permanently: HTTP 504
2025-10-15T12:47:32Z [INFO] inventory host7 - Request started for /login
2025-10-15T12:47:37Z [INFO] inventory host7 - Cache warmup complete
2025-10-15T12:47:38Z [INFO] api-server host1 - Cache warmup complete
2025-10-15T12:47:45Z [INFO] auth-service host4 - cleanup finished successfully
2025-10-15T12:47:45Z [INFO] payment host8 - cleanup finished successfully
2025-10-15T12:48:01Z [INFO] scheduler host3 - cleanup finished successfully
2025-10-15T12:48:09Z [WARN] inventory host7 - Retry #3 for job=invoice_sync
2025-10-15T12:48:26Z [INFO] auth-service host4 - cleanup finished successfully
2025-10-15T12:48:33Z [INFO] auth-service host4 - Healthcheck passed (latency=90ms)
2025-10-15T12:48:33Z [INFO] auth-service host4 - processed 234 transactions successfully
2025-10-15T12:48:33Z [INFO] payment host8 - Response 200 OK /login user=alice
2025-10-15T12:48:36Z [WARN] api-server host1 - Slow query detected: SELECT * FROM orders WHERE ...
2025-10-15T12:48:46Z [INFO] scheduler host3 - cleanup finished successfully
2025-10-15T12:48:55Z [WARN] payment host8 - Slow query detected: SELECT * FROM orders WHERE ...
2025-10-15T12:49:18Z [ERROR] inventory srv-yy - NoneType object has no attribute 'id'
2025-10-15T12:49:18Z [INFO] queue-worker host5 - Cache warmup complete
2025-10-15T12:49:20Z [INFO] payment host8 - processed 234 transactions successfully
2025-10-15T12:49:34Z [INFO] cache-service host6 - Cache warmup complete
2025-10-15T12:49:35Z [INFO] queue-worker host5 - Healthcheck passed (latency=90ms)
2025-10-15T12:49:39Z [INFO] queue-worker host5 - Response 200 OK /login user=alice
2025-10-15T12:49:45Z [INFO] queue-worker host5 - Cache warmup complete
2025-10-15T12:49:57Z [ERROR] api-server srv-yy - upstream 502 Bad Gateway from shipping-service
2025-10-15T12:50:00Z [ERROR] api-server srv-zz - upstream 502 Bad Gateway from shipping-service
2025-10-15T12:50:00Z [ERROR] db-service srv-zz - Database connection refused
2025-10-15T12:50:03Z [ERROR] inventory host7 - NullPointerException while processing item
2025-10-15T12:50:05Z [INFO] cache-service host6 - cleanup finished successfully
2025-10-15T12:50:06Z [ERROR] auth-service host4 - authentication failed for user alice@example.com
2025-10-15T12:50:10Z [ERROR] auth-service host4 - invalid credentials for user bob@example.com
2025-10-15T12:50:11Z [INFO] db-service host2 - Response 200 OK /login user=alice
2025-10-15T12:50:11Z [WARN] scheduler host3 - cache miss ratio 18%
2025-10-15T12:50:13Z [ERROR] inventory srv-zz - NullPointerException while processing item
2025-10-15T12:50:17Z [ERROR] db-service srv-zz - Database connection refused
2025-10-15T12:50:18Z [ERROR] db-service host2 - Database connection refused
2025-10-15T12:50:18Z [ERROR] inventory srv-zz - NullPointerException while processing item
2025-10-15T12:50:20Z [INFO] payment host8 - Response 200 OK /login user=alice
2025-10-15T12:50:21Z [ERROR] db-service host2 - Database connection refused
2025-10-15T12:50:26Z [ERROR] api-server host1 - upstream 502 Bad Gateway from shipping-service
2025-10-15T12:50:34Z [ERROR] db-service host2 - Database connection timed out after 30s
2025-10-15T12:50:40Z [ERROR] db-service srv-zz - Database connection refused
2025-10-15T12:50:41Z [ERROR] analytics srv-zz - IndexError: list index out of range
2025-10-15T12:50:41Z [ERROR] auth-service srv-zz - invalid credentials for user bob@example.com
2025-10-15T12:50:50Z [WARN] cache-service host6 - High latency detected: 2100ms
2025-10-15T12:50:53Z [ERROR] inventory host7 - NoneType object has no attribute 'id'
2025-10-15T12:50:56Z [ERROR] reporting srv-zz - division by zero in metrics aggregation
2025-10-15T12:50:59Z [ERROR] auth-service host4 - invalid credentials for user bob@example.com
2025-10-15T12:50:59Z [ERROR] auth-service host4 - invalid credentials for user bob@example.com
2025-10-15T12:51:03Z [INFO] scheduler host3 - cleanup finished successfully
2025-10-15T12:51:10Z [INFO] queue-worker host5 - processed 234 transactions successfully
2025-10-15T12:51:16Z [INFO] api-server host1 - Cache warmup complete
2025-10-15T12:51:19Z [INFO] cache-service host6 - processed 234 transactions successfully
2025-10-15T12:51:24Z [INFO] queue-worker host5 - Healthcheck passed (latency=90ms)
2025-10-15T12:52:04Z [WARN] cache-service host6 - Slow query detected: SELECT * FROM orders WHERE ...
2025-10-15T12:52:09Z [INFO] payment host8 - processed 234 transactions successfully
2025-10-15T12:52:26Z [WARN] cache-service host6 - cache miss ratio 18%
2025-10-15T12:52:33Z [INFO] db-service host2 - Cache warmup complete
2025-10-15T12:52:36Z [INFO] scheduler host3 - Response 200 OK /login user=alice
2025-10-15T12:52:39Z [INFO] cache-service host6 - Response 200 OK /login user=alice
2025-10-15T12:52:44Z [INFO] queue-worker host5 - Healthcheck passed (latency=90ms)
2025-10-15T12:52:48Z [INFO] scheduler host3 - processed 234 transactions successfully
2025-10-15T12:52:53Z [INFO] api-server host1 - processed 234 transactions successfully
2025-10-15T12:52:54Z [INFO] cache-service host6 - Request started for /login
2025-10-15T12:53:02Z [INFO] db-service host2 - Cache warmup complete
2025-10-15T12:53:16Z [WARN] inventory host7 - Retry #3 for job=invoice_sync
2025-10-15T12:53:18Z [INFO] api-server host1 - Response 200 OK /login user=alice
2025-10-15T12:53:23Z [ERROR] scheduler srv-yy - License validation failed: expired token
2025-10-15T12:53:29Z [INFO] inventory host7 - processed 234 transactions successfully
2025-10-15T12:53:34Z [ERROR] payment srv-yy - Payment gateway returned 401 Unauthorized
2025-10-15T12:53:43Z [ERROR] api-server srv-yy - upstream 502 Bad Gateway from shipping-service
2025-10-15T12:53:43Z [WARN] payment host8 - Slow query detected: SELECT * FROM orders WHERE ...
2025-10-15T12:53:45Z [INFO] scheduler host3 - Request started for /login
2025-10-15T12:53:51Z [INFO] payment host8 - Response 200 OK /login user=alice
2025-10-15T12:54:29Z [INFO] queue-worker host5 - processed 234 transactions successfully
2025-10-15T12:54:29Z [INFO] scheduler host3 - Healthcheck passed (latency=90ms)
2025-10-15T12:54:34Z [INFO] auth-service host4 - Response 200 OK /login user=alice
2025-10-15T12:54:34Z [INFO] inventory host7 - Response 200 OK /login user=alice
2025-10-15T12:54:53Z [INFO] scheduler host3 - Request started for /login
2025-10-15T12:55:03Z [ERROR] analytics srv-zz - IndexError: list index out of range
2025-10-15T12:55:03Z [INFO] scheduler host3 - Healthcheck passed (latency=90ms)
2025-10-15T12:55:13Z [ERROR] db-service srv-zz - Database connection timed out after 30s
2025-10-15T12:55:15Z [ERROR] queue-worker host5 - Job invoice_sync failed permanently: HTTP 504
2025-10-15T12:55:15Z [WARN] inventory host7 - High latency detected: 2100ms
2025-10-15T12:55:19Z [ERROR] reporting srv-zz - division by zero in metrics aggregation
2025-10-15T12:55:21Z [WARN] scheduler host3 - Slow query detected: SELECT * FROM orders WHERE ...
2025-10-15T12:55:24Z [ERROR] inventory srv-zz - NullPointerException while processing item
2025-10-15T12:55:26Z [ERROR] db-service host2 - Database connection timed out after 30s
2025-10-15T12:55:32Z [ERROR] api-server srv-zz - upstream 502 Bad Gateway from shipping-service
2025-10-15T12:55:34Z [ERROR] db-service host2 - Database connection timed out after 30s
2025-10-15T12:55:35Z [WARN] api-server host1 - cache miss ratio 18%
2025-10-15T12:55:35Z [WARN] inventory host7 - Retry #3 for job=invoice_sync
2025-10-15T12:55:36Z [ERROR] scheduler host3 - license expired for org_id=8831
2025-10-15T12:55:38Z [ERROR] db-service host2 - Database connection timed out after 30s
2025-10-15T12:55:40Z [ERROR] inventory srv-zz - NullPointerException while processing item
2025-10-15T12:55:43Z [INFO] inventory host7 - processed 234 transactions successfully
2025-10-15T12:55:44Z [ERROR] api-server srv-zz - Database timed out for endpoint /user
2025-10-15T12:55:47Z [ERROR] inventory host7 - NoneType object has no attribute 'id'
2025-10-15T12:55:51Z [ERROR] db-service host2 - Database connection timed out after 30s
2025-10-15T12:55:54Z [WARN] payment host8 - High latency detected: 2100ms
2025-10-15T12:55:59Z [ERROR] payment host8 - Payment gateway returned 401 Unauthorized
2025-10-15T12:56:19Z [INFO] cache-service host6 - processed 234 transactions successfully
2025-10-15T12:56:24Z [INFO] queue-worker host5 - Cache warmup complete
2025-10-15T12:56:29Z [INFO] payment host8 - Cache warmup complete
2025-10-15T12:56:30Z [INFO] scheduler host3 - Healthcheck passed (latency=90ms)
2025-10-15T12:56:47Z [ERROR] auth-service host4 - authentication failed for user alice@example.com
2025-10-15T12:56:48Z [WARN] payment host8 - Retry #3 for job=invoice_sync
2025-10-15T12:56:55Z [INFO] api-server host1 - processed 234 transactions successfully
2025-10-15T12:56:58Z [INFO] inventory host7 - Healthcheck passed (latency=90ms)
2025-10-15T12:56:58Z [INFO] queue-worker host5 - Response 200 OK /login user=alice
2025-10-15T12:57:01Z [INFO] auth-service host4 - processed 234 transactions successfully
2025-10-15T12:57:16Z [WARN] cache-service host6 - cache miss ratio 18%
2025-10-15T12:57:18Z [INFO] inventory host7 - Healthcheck passed (latency=90ms)
2025-10-15T12:57:24Z [INFO] scheduler host3 - Response 200 OK /login user=alice
2025-10-15T12:57:26Z [INFO] cache-service host6 - Response 200 OK /login user=alice
2025-10-15T12:57:29Z [INFO] payment host8 - Healthcheck passed (latency=90ms)
2025-10-15T12:57:35Z [INFO] payment host8 - Cache warmup complete
2025-10-15T12:58:04Z [WARN] scheduler host3 - Slow query detected: SELECT * FROM orders WHERE ...
2025-10-15T12:58:32Z [INFO] scheduler host3 - Request started for /login
2025-10-15T12:58:33Z [INFO] api-server host1 - Request started for /login
2025-10-15T12:58:42Z [INFO] payment host8 - Request started for /login
2025-10-15T12:58:46Z [INFO] auth-service host4 - Response 200 OK /login user=alice
2025-10-15T12:58:48Z [INFO] api-server host1 - Response 200 OK /login user=alice
2025-10-15T12:59:00Z [INFO] inventory host7 - Cache warmup complete
2025-10-15T12:59:03Z [INFO] payment host8 - Cache warmup complete
2025-10-15T12:59:05Z [INFO] api-server host1 - cleanup finished successfully
2025-10-15T12:59:12Z [INFO] scheduler host3 - Healthcheck passed (latency=90ms)
2025-10-15T12:59:17Z [WARN] cache-service host6 - Slow query detected: SELECT * FROM orders WHERE ...
2025-10-15T12:59:19Z [INFO] scheduler host3 - Request started for /login
2025-10-15T12:59:25Z [INFO] cache-service host6 - Response 200 OK /login user=alice
2025-10-15T12:59:34Z [ERROR] scheduler host3 - License validation failed: expired token
2025-10-15T12:59:58Z [INFO] db-service host2 - Response 200 OK /login user=alice
2025-10-15T13:00:00Z [INFO] db-service host2 - Healthcheck passed (latency=90ms)
2025-10-15T13:00:01Z [ERROR] inventory srv-zz - NoneType object has no attribute 'id'
2025-10-15T13:00:02Z [ERROR] queue-worker host5 - Job invoice_sync failed permanently: HTTP 504
2025-10-15T13:00:03Z [ERROR] auth-service host4 - authentication failed for user alice@example.com
2025-10-15T13:00:05Z [ERROR] scheduler srv-zz - License validation failed: expired token
2025-10-15T13:00:11Z [ERROR] queue-worker host5 - Job invoice_sync failed permanently: HTTP 504
2025-10-15T13:00:11Z [ERROR] scheduler host3 - License validation failed: expired token
2025-10-15T13:00:13Z [ERROR] scheduler host3 - License validation failed: expired token
2025-10-15T13:00:14Z [ERROR] inventory srv-zz - NoneType object has no attribute 'id'
2025-10-15T13:00:14Z [ERROR] scheduler srv-zz - License validation failed: expired token
2025-10-15T13:00:17Z [WARN] db-service host2 - Retry #3 for job=invoice_sync
2025-10-15T13:00:19Z [ERROR] auth-service srv-zz - authentication failed for user alice@example.com
2025-10-15T13:00:20Z [WARN] inventory host7 - High latency detected: 2100ms
2025-10-15T13:00:21Z [ERROR] scheduler srv-zz - License validation failed: expired token
2025-10-15T13:00:23Z [INFO] payment host8 - Healthcheck passed (latency=90ms)
2025-10-15T13:00:36Z [ERROR] payment host8 - Payment gateway returned 401 Unauthorized
2025-10-15T13:00:43Z [ERROR] queue-worker srv-zz - Job invoice_sync failed permanently: HTTP 504
2025-10-15T13:00:45Z [WARN] inventory host7 - Retry #3 for job=invoice_sync
2025-10-15T13:00:45Z [WARN] scheduler host3 - Slow query detected: SELECT * FROM orders WHERE ...
2025-10-15T13:00:48Z [ERROR] db-service srv-zz - Database connection refused
2025-10-15T13:01:00Z [INFO] inventory host7 - cleanup finished successfully
2025-10-15T13:01:05Z [INFO] auth-service host4 - cleanup finished successfully
2025-10-15T13:01:06Z [INFO] inventory host7 - Healthcheck passed (latency=90ms)
2025-10-15T13:01:38Z [INFO] db-service host2 - Healthcheck passed (latency=90ms)
2025-10-15T13:01:46Z [WARN] db-service host2 - Retry #3 for job=invoice_sync
2025-10-15T13:02:10Z [INFO] db-service host2 - cleanup finished successfully
2025-10-15T13:02:15Z [WARN] queue-worker host5 - cache miss ratio 18%
2025-10-15T13:02:19Z [INFO] queue-worker host5 - Response 200 OK /login user=alice
2025-10-15T13:02:25Z [INFO] api-server host1 - processed 234 transactions successfully
2025-10-15T13:02:27Z [WARN] cache-service host6 - Retry #3 for job=invoice_sync
2025-10-15T13:02:29Z [INFO] scheduler host3 - Healthcheck passed (latency=90ms)
2025-10-15T13:02:30Z [WARN] queue-worker host5 - High latency detected: 2100ms
2025-10-15T13:02:43Z [INFO] auth-service host4 - Response 200 OK /login user=alice
2025-10-15T13:02:51Z [WARN] inventory host7 - cache miss ratio 18%
2025-10-15T13:03:07Z [WARN] cache-service host6 - Retry #3 for job=invoice_sync
2025-10-15T13:03:18Z [WARN] cache-service host6 - cache miss ratio 18%
2025-10-15T13:03:20Z [INFO] payment host8 - cleanup finished successfully
2025-10-15T13:03:20Z [INFO] scheduler host3 - cleanup finished successfully
2025-10-15T13:03:38Z [WARN] cache-service host6 - Retry #3 for job=invoice_sync
2025-10-15T13:03:43Z [WARN] auth-service host4 - Slow query detected: SELECT * FROM orders WHERE ...
2025-10-15T13:03:45Z [INFO] payment host8 - Healthcheck passed (latency=90ms)
2025-10-15T13:04:00Z [INFO] db-service host2 - Response 200 OK /login user=alice
2025-10-15T13:04:04Z [INFO] inventory host7 - processed 234 transactions successfully
2025-10-15T13:04:06Z [WARN] db-service host2 - High latency detected: 2100ms
2025-10-15T13:04:08Z [INFO] payment host8 - Response 200 OK /login user=alice
2025-10-15T13:04:34Z [INFO] inventory host7 - Healthcheck passed (latency=90ms)
2025-10-15T13:04:37Z [INFO] payment host8 - processed 234 transactions successfully
2025-10-15T13:04:41Z [INFO] auth-service host4 - processed 234 transactions successfully
2025-10-15T13:04:42Z [INFO] queue-worker host5 - cleanup finished successfully
2025-10-15T13:04:48Z [INFO] inventory host7 - cleanup finished successfully
2025-10-15T13:04:52Z [WARN] db-service host2 - cache miss ratio 18%
2025-10-15T13:05:01Z [ERROR] auth-service srv-zz - authentication failed for user alice@example.com
2025-10-15T13:05:01Z [ERROR] payment host8 - Payment gateway returned 401 Unauthorized
2025-10-15T13:05:07Z [WARN] cache-service host6 - Retry #3 for job=invoice_sync
2025-10-15T13:05:11Z [ERROR] scheduler srv-zz - License validation failed: expired token
2025-10-15T13:05:11Z [INFO] db-service host2 - Healthcheck passed (latency=90ms)
2025-10-15T13:05:13Z [ERROR] db-service host2 - Database connection refused
2025-10-15T13:05:18Z [ERROR] db-service host2 - Database connection refused
2025-10-15T13:05:19Z [ERROR] auth-service srv-zz - authentication failed for user alice@example.com
2025-10-15T13:05:20Z [ERROR] db-service host2 - Database connection timed out after 30s
2025-10-15T13:05:20Z [ERROR] db-service srv-zz - Database connection refused
2025-10-15T13:05:22Z [ERROR] analytics srv-zz - IndexError: list index out of range
2025-10-15T13:05:22Z [ERROR] inventory srv-zz - NoneType object has no attribute 'id'
2025-10-15T13:05:23Z [ERROR] inventory host7 - NullPointerException while processing item
2025-10-15T13:05:29Z [ERROR] scheduler host3 - License validation failed: expired token
2025-10-15T13:05:32Z [INFO] auth-service host4 - cleanup finished successfully
2025-10-15T13:05:35Z [ERROR] inventory srv-zz - NullPointerException while processing item
2025-10-15T13:05:37Z [ERROR] db-service host2 - Database connection timed out after 30s
2025-10-15T13:05:38Z [ERROR] scheduler host3 - License validation failed: expired token
2025-10-15T13:05:38Z [INFO] inventory host7 - Response 200 OK /login user=alice
2025-10-15T13:05:42Z [ERROR] reporting srv-zz - division by zero in metrics aggregation
2025-10-15T13:05:43Z [WARN] db-service host2 - Retry #3 for job=invoice_sync
2025-10-15T13:05:47Z [ERROR] auth-service srv-zz - authentication failed for user alice@example.com
2025-10-15T13:05:51Z [ERROR] api-server srv-zz - upstream 502 Bad Gateway from shipping-service
2025-10-15T13:05:52Z [WARN] auth-service host4 - High latency detected: 2100ms
2025-10-15T13:05:53Z [ERROR] api-server srv-zz - upstream 502 Bad Gateway from shipping-service
2025-10-15T13:05:54Z [WARN] cache-service host6 - cache miss ratio 18%
2025-10-15T13:05:59Z [ERROR] api-server host1 - upstream 502 Bad Gateway from shipping-service
2025-10-15T13:06:08Z [INFO] payment host8 - cleanup finished successfully
2025-10-15T13:06:11Z [INFO] auth-service host4 - cleanup finished successfully
2025-10-15T13:06:17Z [INFO] api-server host1 - Healthcheck passed (latency=90ms)
2025-10-15T13:06:26Z [INFO] payment host8 - cleanup finished successfully
2025-10-15T13:06:27Z [INFO] inventory host7 - Cache warmup complete
2025-10-15T13:06:31Z [INFO] payment host8 - processed 234 transactions successfully
2025-10-15T13:06:35Z [INFO] auth-service host4 - Healthcheck passed (latency=90ms)
2025-10-15T13:06:50Z [WARN] api-server host1 - High latency detected: 2100ms
2025-10-15T13:06:55Z [INFO] api-server host1 - Request started for /login
2025-10-15T13:07:34Z [INFO] payment host8 - cleanup finished successfully
2025-10-15T13:07:34Z [WARN] cache-service host6 - Slow query detected: SELECT * FROM orders WHERE ...
2025-10-15T13:07:36Z [INFO] db-service host2 - processed 234 transactions successfully
2025-10-15T13:07:36Z [WARN] payment host8 - cache miss ratio 18%
2025-10-15T13:07:47Z [WARN] db-service host2 - Retry #3 for job=invoice_sync
2025-10-15T13:07:55Z [ERROR] scheduler host3 - license expired for org_id=8831
2025-10-15T13:08:08Z [ERROR] payment srv-yy - Payment gateway returned 401 Unauthorized
2025-10-15T13:08:18Z [INFO] queue-worker host5 - processed 234 transactions successfully
2025-10-15T13:08:38Z [INFO] queue-worker host5 - Healthcheck passed (latency=90ms)
2025-10-15T13:08:39Z [INFO] auth-service host4 - Response 200 OK /login user=alice
2025-10-15T13:08:44Z [WARN] auth-service host4 - Retry #3 for job=invoice_sync
2025-10-15T13:08:49Z [WARN] db-service host2 - Retry #3 for job=invoice_sync
2025-10-15T13:08:51Z [INFO] scheduler host3 - Healthcheck passed (latency=90ms)
2025-10-15T13:08:55Z [WARN] cache-service host6 - cache miss ratio 18%
2025-10-15T13:09:31Z [INFO] inventory host7 - Cache warmup complete
2025-10-15T13:09:31Z [INFO] payment host8 - Request started for /login
2025-10-15T13:09:32Z [WARN] inventory host7 - High latency detected: 2100ms
2025-10-15T13:09:40Z [INFO] queue-worker host5 - cleanup finished successfully
2025-10-15T13:09:40Z [WARN] db-service host2 - Slow query detected: SELECT * FROM orders WHERE ...
2025-10-15T13:09:53Z [INFO] cache-service host6 - Cache warmup complete
2025-10-15T13:10:00Z [INFO] payment host8 - Request started for /login
2025-10-15T13:10:00Z [WARN] db-service host2 - Retry #3 for job=invoice_sync
2025-10-15T13:10:02Z [ERROR] inventory host7 - NoneType object has no attribute 'id'
2025-10-15T13:10:04Z [WARN] payment host8 - Retry #3 for job=invoice_sync
2025-10-15T13:10:07Z [ERROR] api-server srv-zz - upstream 502 Bad Gateway from shipping-service
2025-10-15T13:10:25Z [ERROR] auth-service srv-zz - authentication failed for user alice@example.com
2025-10-15T13:10:29Z [ERROR] scheduler host3 - License validation failed: expired token
2025-10-15T13:10:33Z [INFO] scheduler host3 - Cache warmup complete
2025-10-15T13:10:36Z [ERROR] queue-worker host5 - Job invoice_sync failed permanently: HTTP 504
2025-10-15T13:10:41Z [ERROR] db-service srv-zz - Database connection refused
2025-10-15T13:10:42Z [ERROR] api-server host1 - upstream 502 Bad Gateway from shipping-service
2025-10-15T13:10:44Z [ERROR] queue-worker host5 - Job invoice_sync failed permanently: HTTP 504
2025-10-15T13:10:44Z [INFO] inventory host7 - Response 200 OK /login user=alice
2025-10-15T13:10:46Z [ERROR] queue-worker host5 - Job invoice_sync failed permanently: HTTP 504
2025-10-15T13:10:50Z [ERROR] auth-service srv-zz - authentication failed for user alice@example.com
2025-10-15T13:10:52Z [ERROR] auth-service srv-zz - invalid credentials for user bob@example.com
2025-10-15T13:10:52Z [INFO] cache-service host6 - Request started for /login
2025-10-15T13:10:53Z [ERROR] inventory host7 - NullPointerException while processing item
2025-10-15T13:10:55Z [ERROR] queue-worker host5 - Job invoice_sync failed permanently: HTTP 504
2025-10-15T13:11:04Z [INFO] auth-service host4 - Request started for /login
2025-10-15T13:11:06Z [INFO] db-service host2 - Healthcheck passed (latency=90ms)
2025-10-15T13:11:14Z [INFO] db-service host2 - Cache warmup complete
2025-10-15T13:11:24Z [WARN] auth-service host4 - Retry #3 for job=invoice_sync
2025-10-15T13:11:28Z [INFO] auth-service host4 - Response 200 OK /login user=alice
2025-10-15T13:11:48Z [INFO] auth-service host4 - Cache warmup complete
2025-10-15T13:11:55Z [INFO] payment host8 - Request started for /login
2025-10-15T13:11:58Z [INFO] auth-service host4 - Cache warmup complete
2025-10-15T13:12:13Z [INFO] queue-worker host5 - processed 234 transactions successfully
2025-10-15T13:12:17Z [INFO] scheduler host3 - Response 200 OK /login user=alice
2025-10-15T13:12:24Z [INFO] payment host8 - cleanup finished successfully
2025-10-15T13:12:27Z [INFO] cache-service host6 - Response 200 OK /login user=alice
2025-10-15T13:12:33Z [WARN] db-service host2 - Slow query detected: SELECT * FROM orders WHERE ...
2025-10-15T13:12:47Z [INFO] scheduler host3 - Cache warmup complete
2025-10-15T13:12:49Z [WARN] queue-worker host5 - Slow query detected: SELECT * FROM orders WHERE ...
2025-10-15T13:12:50Z [WARN] api-server host1 - Retry #3 for job=invoice_sync
2025-10-15T13:13:00Z [INFO] db-service host2 - Request started for /login
2025-10-15T13:13:08Z [INFO] cache-service host6 - processed 234 transactions successfully
2025-10-15T13:13:17Z [INFO] auth-service host4 - Request started for /login
2025-10-15T13:13:23Z [INFO] inventory host7 - Response 200 OK /login user=alice
2025-10-15T13:13:27Z [WARN] inventory host7 - Slow query detected: SELECT * FROM orders WHERE ...
2025-10-15T13:13:49Z [INFO] payment host8 - processed 234 transactions successfully
2025-10-15T13:13:50Z [INFO] api-server host1 - Healthcheck passed (latency=90ms)
2025-10-15T13:14:00Z [WARN] db-service host2 - Slow query detected: SELECT * FROM orders WHERE ...
2025-10-15T13:14:03Z [INFO] scheduler host3 - cleanup finished successfully
2025-10-15T13:14:08Z [WARN] cache-service host6 - High latency detected: 2100ms
2025-10-15T13:14:19Z [INFO] db-service host2 - Cache warmup complete
2025-10-15T13:14:29Z [INFO] db-service host2 - Request started for /login
2025-10-15T13:14:31Z [ERROR] auth-service host4 - invalid credentials for user bob@example.com
2025-10-15T13:14:37Z [INFO] inventory host7 - Cache warmup complete
2025-10-15T13:14:42Z [WARN] queue-worker host5 - Retry #3 for job=invoice_sync
2025-10-15T13:14:51Z [INFO] scheduler host3 - Healthcheck passed (latency=90ms)
2025-10-15T13:15:00Z [INFO] payment host8 - Healthcheck passed (latency=90ms)
2025-10-15T13:15:07Z [ERROR] db-service host2 - Database connection timed out after 30s
2025-10-15T13:15:10Z [ERROR] db-service host2 - Database connection refused
2025-10-15T13:15:14Z [ERROR] db-service host2 - Database connection timed out after 30s
2025-10-15T13:15:14Z [ERROR] payment srv-zz - Payment gateway returned 401 Unauthorized
2025-10-15T13:15:14Z [ERROR] scheduler srv-zz - License validation failed: expired token
2025-10-15T13:15:17Z [ERROR] auth-service host4 - invalid credentials for user bob@example.com
2025-10-15T13:15:17Z [ERROR] reporting srv-zz - division by zero in metrics aggregation
2025-10-15T13:15:18Z [INFO] scheduler host3 - processed 234 transactions successfully
2025-10-15T13:15:20Z [WARN] queue-worker host5 - Slow query detected: SELECT * FROM orders WHERE ...
2025-10-15T13:15:29Z [INFO] scheduler host3 - Healthcheck passed (latency=90ms)
2025-10-15T13:15:30Z [ERROR] api-server host1 - Database timed out for endpoint /user
2025-10-15T13:15:31Z [ERROR] api-server srv-zz - upstream 502 Bad Gateway from shipping-service
2025-10-15T13:15:31Z [ERROR] scheduler host3 - license expired for org_id=8831
2025-10-15T13:15:47Z [INFO] queue-worker host5 - processed 234 transactions successfully
2025-10-15T13:15:49Z [ERROR] queue-worker srv-zz - Job invoice_sync failed permanently: HTTP 504
2025-10-15T13:15:54Z [ERROR] api-server host1 - upstream 502 Bad Gateway from shipping-service
2025-10-15T13:15:55Z [WARN] payment host8 - High latency detected: 2100ms
2025-10-15T13:15:59Z [ERROR] payment srv-zz - Payment gateway returned 401 Unauthorized
2025-10-15T13:16:00Z [WARN] auth-service host4 - Slow query detected: SELECT * FROM orders WHERE ...
2025-10-15T13:16:02Z [WARN] db-service host2 - cache miss ratio 18%
2025-10-15T13:16:13Z [INFO] db-service host2 - Response 200 OK /login user=alice
2025-10-15T13:16:21Z [INFO] api-server host1 - Cache warmup complete
2025-10-15T13:16:29Z [ERROR] db-service host2 - Database connection refused
2025-10-15T13:16:31Z [ERROR] api-server srv-yy - upstream 502 Bad Gateway from shipping-service
2025-10-15T13:16:34Z [INFO] scheduler host3 - Cache warmup complete
2025-10-15T13:16:49Z [WARN] payment host8 - Retry #3 for job=invoice_sync
2025-10-15T13:16:54Z [WARN] inventory host7 - High latency detected: 2100ms
2025-10-15T13:17:04Z [INFO] inventory host7 - Request started for /login
2025-10-15T13:17:05Z [INFO] db-service host2 - Cache warmup complete
2025-10-15T13:17:06Z [INFO] auth-service host4 - cleanup finished successfully
2025-10-15T13:17:08Z [WARN] scheduler host3 - Slow query detected: SELECT * FROM orders WHERE ...
2025-10-15T13:17:26Z [INFO] cache-service host6 - Healthcheck passed (latency=90ms)
2025-10-15T13:17:28Z [INFO] cache-service host6 - Request started for /login
2025-10-15T13:17:28Z [INFO] scheduler host3 - Healthcheck passed (latency=90ms)
2025-10-15T13:17:42Z [ERROR] auth-service srv-yy - invalid credentials for user bob@example.com
2025-10-15T13:17:44Z [WARN] inventory host7 - High latency detected: 2100ms
2025-10-15T13:17:52Z [WARN] queue-worker host5 - Slow query detected: SELECT * FROM orders WHERE ...
2025-10-15T13:18:00Z [INFO] db-service host2 - Response 200 OK /login user=alice
2025-10-15T13:18:09Z [INFO] cache-service host6 - Response 200 OK /login user=alice
2025-10-15T13:18:16Z [WARN] queue-worker host5 - Retry #3 for job=invoice_sync
2025-10-15T13:18:25Z [INFO] cache-service host6 - Cache warmup complete
2025-10-15T13:18:25Z [WARN] api-server host1 - Retry #3 for job=invoice_sync
2025-10-15T13:18:29Z [INFO] db-service host2 - Response 200 OK /login user=alice
2025-10-15T13:19:02Z [WARN] db-service host2 - Slow query detected: SELECT * FROM orders WHERE ...
2025-10-15T13:19:04Z [INFO] api-server host1 - Cache warmup complete
2025-10-15T13:19:37Z [INFO] db-service host2 - Request started for /login
2025-10-15T13:19:51Z [INFO] payment host8 - Healthcheck passed (latency=90ms)
2025-10-15T13:19:52Z [INFO] scheduler host3 - Cache warmup complete
2025-10-15T13:19:59Z [INFO] auth-service host4 - Cache warmup complete
2025-10-15T13:20:03Z [ERROR] scheduler host3 - License validation failed: expired token
2025-10-15T13:20:05Z [INFO] api-server host1 - Request started for /login
2025-10-15T13:20:06Z [ERROR] auth-service srv-zz - authentication failed for user alice@example.com
2025-10-15T13:20:11Z [INFO] queue-worker host5 - cleanup finished successfully
2025-10-15T13:20:17Z [ERROR] api-server host1 - Database timed out for endpoint /user
2025-10-15T13:20:22Z [ERROR] api-server srv-zz - Database timed out for endpoint /user
2025-10-15T13:20:24Z [ERROR] db-service srv-zz - Database connection timed out after 30s
2025-10-15T13:20:24Z [ERROR] queue-worker srv-zz - Job invoice_sync failed permanently: HTTP 504
2025-10-15T13:20:26Z [ERROR] inventory host7 - NullPointerException while processing item
2025-10-15T13:20:31Z [ERROR] inventory srv-zz - NullPointerException while processing item
2025-10-15T13:20:31Z [ERROR] scheduler host3 - License validation failed: expired token
2025-10-15T13:20:34Z [ERROR] payment host8 - Payment gateway returned 401 Unauthorized
2025-10-15T13:20:34Z [ERROR] queue-worker srv-zz - Job invoice_sync failed permanently: HTTP 504
2025-10-15T13:20:36Z [ERROR] analytics srv-zz - IndexError: list index out of range
2025-10-15T13:20:36Z [WARN] auth-service host4 - Retry #3 for job=invoice_sync
2025-10-15T13:20:38Z [ERROR] auth-service host4 - invalid credentials for user bob@example.com
2025-10-15T13:20:38Z [INFO] scheduler host3 - Response 200 OK /login user=alice
2025-10-15T13:20:39Z [ERROR] auth-service srv-zz - authentication failed for user alice@example.com
2025-10-15T13:20:40Z [ERROR] reporting srv-zz - division by zero in metrics aggregation
2025-10-15T13:20:45Z [WARN] api-server host1 - High latency detected: 2100ms
2025-10-15T13:20:49Z [ERROR] auth-service host4 - authentication failed for user alice@example.com
2025-10-15T13:20:51Z [ERROR] reporting srv-zz - division by zero in metrics aggregation
2025-10-15T13:20:51Z [WARN] cache-service host6 - High latency detected: 2100ms
2025-10-15T13:20:59Z [ERROR] api-server host1 - upstream 502 Bad Gateway from shipping-service
2025-10-15T13:21:00Z [INFO] payment host8 - processed 234 transactions successfully
2025-10-15T13:21:01Z [INFO] api-server host1 - Cache warmup complete
2025-10-15T13:21:49Z [INFO] auth-service host4 - processed 234 transactions successfully
2025-10-15T13:21:51Z [INFO] scheduler host3 - Cache warmup complete
2025-10-15T13:21:58Z [WARN] auth-service host4 - High latency detected: 2100ms
2025-10-15T13:22:11Z [WARN] auth-service host4 - cache miss ratio 18%
2025-10-15T13:22:11Z [WARN] cache-service host6 - High latency detected: 2100ms
2025-10-15T13:22:19Z [WARN] inventory host7 - High latency detected: 2100ms
2025-10-15T13:22:21Z [INFO] db-service host2 - Response 200 OK /login user=alice
2025-10-15T13:22:23Z [WARN] db-service host2 - cache miss ratio 18%
2025-10-15T13:22:42Z [INFO] scheduler host3 - Response 200 OK /login user=alice
2025-10-15T13:22:46Z [WARN] auth-service host4 - cache miss ratio 18%
2025-10-15T13:23:11Z [INFO] api-server host1 - processed 234 transactions successfully
2025-10-15T13:23:20Z [INFO] cache-service host6 - Request started for /login
2025-10-15T13:23:21Z [WARN] auth-service host4 - Retry #3 for job=invoice_sync
2025-10-15T13:23:28Z [INFO] cache-service host6 - Response 200 OK /login user=alice
2025-10-15T13:23:31Z [WARN] inventory host7 - High latency detected: 2100ms
2025-10-15T13:23:40Z [INFO] scheduler host3 - cleanup finished successfully
2025-10-15T13:23:44Z [INFO] scheduler host3 - Healthcheck passed (latency=90ms)
2025-10-15T13:23:46Z [INFO] db-service host2 - cleanup finished successfully
2025-10-15T13:23:46Z [INFO] payment host8 - Response 200 OK /login user=alice
2025-10-15T13:24:01Z [INFO] queue-worker host5 - Request started for /login
2025-10-15T13:24:06Z [INFO] api-server host1 - Response 200 OK /login user=alice
2025-10-15T13:24:06Z [WARN] inventory host7 - Retry #3 for job=invoice_sync
2025-10-15T13:24:21Z [INFO] db-service host2 - cleanup finished successfully
2025-10-15T13:24:28Z [INFO] auth-service host4 - Request started for /login
2025-10-15T13:24:38Z [ERROR] payment srv-yy - Payment gateway returned 401 Unauthorized
2025-10-15T13:24:38Z [WARN] auth-service host4 - Retry #3 for job=invoice_sync
2025-10-15T13:24:44Z [INFO] inventory host7 - Cache warmup complete
2025-10-15T13:24:46Z [INFO] auth-service host4 - Request started for /login
2025-10-15T13:25:05Z [ERROR] db-service srv-zz - Database connection refused
2025-10-15T13:25:05Z [ERROR] inventory host7 - NoneType object has no attribute 'id'
2025-10-15T13:25:05Z [ERROR] scheduler host3 - License validation failed: expired token
2025-10-15T13:25:05Z [INFO] db-service host2 - cleanup finished successfully
2025-10-15T13:25:05Z [WARN] inventory host7 - cache miss ratio 18%
2025-10-15T13:25:06Z [ERROR] api-server srv-zz - Database timed out for endpoint /user
2025-10-15T13:25:06Z [ERROR] inventory srv-zz - NullPointerException while processing item
2025-10-15T13:25:07Z [ERROR] analytics srv-zz - IndexError: list index out of range
2025-10-15T13:25:09Z [ERROR] db-service srv-zz - Database connection timed out after 30s
2025-10-15T13:25:09Z [ERROR] payment host8 - Payment gateway returned 401 Unauthorized
2025-10-15T13:25:10Z [ERROR] api-server host1 - upstream 502 Bad Gateway from shipping-service
2025-10-15T13:25:16Z [ERROR] auth-service host4 - invalid credentials for user bob@example.com
2025-10-15T13:25:16Z [ERROR] auth-service host4 - invalid credentials for user bob@example.com
2025-10-15T13:25:20Z [INFO] queue-worker host5 - Cache warmup complete
2025-10-15T13:25:23Z [ERROR] queue-worker host5 - Job invoice_sync failed permanently: HTTP 504
2025-10-15T13:25:28Z [ERROR] inventory srv-zz - NoneType object has no attribute 'id'
2025-10-15T13:25:30Z [ERROR] scheduler host3 - License validation failed: expired token
2025-10-15T13:25:32Z [ERROR] inventory host7 - NullPointerException while processing item
2025-10-15T13:25:33Z [INFO] queue-worker host5 - cleanup finished successfully
2025-10-15T13:25:34Z [ERROR] inventory host7 - NoneType object has no attribute 'id'
2025-10-15T13:25:35Z [INFO] inventory host7 - Healthcheck passed (latency=90ms)
2025-10-15T13:25:42Z [ERROR] inventory srv-zz - NullPointerException while processing item
2025-10-15T13:25:48Z [ERROR] inventory host7 - NullPointerException while processing item
2025-10-15T13:25:50Z [ERROR] inventory srv-zz - NoneType object has no attribute 'id'
2025-10-15T13:25:52Z [WARN] scheduler host3 - Retry #3 for job=invoice_sync
2025-10-15T13:25:53Z [ERROR] inventory srv-zz - NullPointerException while processing item
2025-10-15T13:26:02Z [INFO] payment host8 - cleanup finished successfully
2025-10-15T13:26:07Z [INFO] inventory host7 - Response 200 OK /login user=alice
2025-10-15T13:26:16Z [INFO] inventory host7 - cleanup finished successfully
2025-10-15T13:26:55Z [INFO] queue-worker host5 - Healthcheck passed (latency=90ms)
2025-10-15T13:26:59Z [INFO] db-service host2 - Request started for /login
2025-10-15T13:27:01Z [INFO] cache-service host6 - Healthcheck passed (latency=90ms)
2025-10-15T13:27:02Z [INFO] inventory host7 - Healthcheck passed (latency=90ms)
2025-10-15T13:27:03Z [WARN] scheduler host3 - High latency detected: 2100ms
2025-10-15T13:27:08Z [INFO] scheduler host3 - Cache warmup complete
2025-10-15T13:27:17Z [WARN] queue-worker host5 - Slow query detected: SELECT * FROM orders WHERE ...
2025-10-15T13:27:49Z [WARN] payment host8 - High latency detected: 2100ms
2025-10-15T13:28:11Z [INFO] api-server host1 - Response 200 OK /login user=alice
2025-10-15T13:28:13Z [WARN] payment host8 - cache miss ratio 18%
2025-10-15T13:28:15Z [INFO] api-server host1 - Request started for /login
2025-10-15T13:28:15Z [INFO] api-server host1 - processed 234 transactions successfully
2025-10-15T13:28:32Z [INFO] payment host8 - Request started for /login
2025-10-15T13:28:32Z [WARN] api-server host1 - Slow query detected: SELECT * FROM orders WHERE ...
2025-10-15T13:28:38Z [INFO] inventory host7 - Response 200 OK /login user=alice
2025-10-15T13:28:45Z [INFO] cache-service host6 - Healthcheck passed (latency=90ms)
2025-10-15T13:28:45Z [INFO] queue-worker host5 - Response 200 OK /login user=alice
2025-10-15T13:28:48Z [INFO] payment host8 - Healthcheck passed (latency=90ms)
2025-10-15T13:29:14Z [INFO] api-server host1 - Healthcheck passed (latency=90ms)
2025-10-15T13:29:18Z [INFO] db-service host2 - Request started for /login
2025-10-15T13:29:22Z [INFO] cache-service host6 - Healthcheck passed (latency=90ms)
2025-10-15T13:29:30Z [WARN] api-server host1 - Retry #3 for job=invoice_sync
2025-10-15T13:29:41Z [INFO] queue-worker host5 - Request started for /login
2025-10-15T13:29:41Z [INFO] scheduler host3 - Response 200 OK /login user=alice
2025-10-15T13:29:54Z [INFO] auth-service host4 - Response 200 OK /login user=alice
2025-10-15T13:29:55Z [INFO] auth-service host4 - processed 234 transactions successfully
2025-10-15T13:30:03Z [INFO] payment host8 - Cache warmup complete
2025-10-15T13:30:09Z [ERROR] auth-service host4 - authentication failed for user alice@example.com
2025-10-15T13:30:16Z [ERROR] auth-service srv-zz - invalid credentials for user bob@example.com
2025-10-15T13:30:16Z [INFO] cache-service host6 - processed 234 transactions successfully
2025-10-15T13:30:17Z [ERROR] auth-service srv-zz - invalid credentials for user bob@example.com
2025-10-15T13:30:22Z [WARN] scheduler host3 - Retry #3 for job=invoice_sync
2025-10-15T13:30:26Z [INFO] queue-worker host5 - Healthcheck passed (latency=90ms)
2025-10-15T13:30:27Z [ERROR] queue-worker srv-zz - Job invoice_sync failed permanently: HTTP 504
2025-10-15T13:30:29Z [INFO] queue-worker host5 - Request started for /login
2025-10-15T13:30:30Z [WARN] db-service host2 - Retry #3 for job=invoice_sync
2025-10-15T13:30:35Z [ERROR] auth-service srv-zz - invalid credentials for user bob@example.com
2025-10-15T13:30:37Z [ERROR] auth-service srv-zz - authentication failed for user alice@example.com
2025-10-15T13:30:37Z [ERROR] inventory srv-zz - NullPointerException while processing item
2025-10-15T13:30:41Z [ERROR] auth-service host4 - invalid credentials for user bob@example.com
2025-10-15T13:30:41Z [ERROR] auth-service srv-zz - invalid credentials for user bob@example.com
2025-10-15T13:30:41Z [WARN] cache-service host6 - Slow query detected: SELECT * FROM orders WHERE ...
2025-10-15T13:30:42Z [ERROR] api-server host1 - Database timed out for endpoint /user
2025-10-15T13:30:43Z [ERROR] db-service srv-zz - Database connection refused
2025-10-15T13:30:46Z [ERROR] inventory srv-zz - NullPointerException while processing item
2025-10-15T13:30:46Z [WARN] queue-worker host5 - Retry #3 for job=invoice_sync
2025-10-15T13:30:51Z [ERROR] reporting srv-zz - division by zero in metrics aggregation
2025-10-15T13:30:54Z [ERROR] inventory host7 - NullPointerException while processing item
2025-10-15T13:30:58Z [ERROR] queue-worker srv-zz - Job invoice_sync failed permanently: HTTP 504
2025-10-15T13:30:58Z [ERROR] scheduler host3 - License validation failed: expired token
2025-10-15T13:31:08Z [ERROR] inventory host7 - NoneType object has no attribute 'id'
2025-10-15T13:31:13Z [WARN] queue-worker host5 - Retry #3 for job=invoice_sync
2025-10-15T13:31:21Z [INFO] payment host8 - Response 200 OK /login user=alice
2025-10-15T13:31:30Z [WARN] db-service host2 - Slow query detected: SELECT * FROM orders WHERE ...
2025-10-15T13:31:31Z [WARN] auth-service host4 - Slow query detected: SELECT * FROM orders WHERE ...
2025-10-15T13:31:33Z [INFO] inventory host7 - Request started for /login
2025-10-15T13:31:39Z [INFO] auth-service host4 - cleanup finished successfully
2025-10-15T13:31:40Z [INFO] cache-service host6 - cleanup finished successfully
2025-10-15T13:31:55Z [WARN] cache-service host6 - Slow query detected: SELECT * FROM orders WHERE ...
2025-10-15T13:32:08Z [INFO] queue-worker host5 - processed 234 transactions successfully
2025-10-15T13:32:10Z [INFO] queue-worker host5 - Request started for /login
2025-10-15T13:32:14Z [INFO] scheduler host3 - Healthcheck passed (latency=90ms)
2025-10-15T13:32:18Z [INFO] queue-worker host5 - processed 234 transactions successfully
2025-10-15T13:32:30Z [INFO] inventory host7 - Request started for /login
2025-10-15T13:32:43Z [INFO] api-server host1 - Cache warmup complete
2025-10-15T13:32:46Z [INFO] scheduler host3 - Request started for /login
2025-10-15T13:32:48Z [WARN] cache-service host6 - Retry #3 for job=invoice_sync
2025-10-15T13:33:07Z [INFO] auth-service host4 - Cache warmup complete
2025-10-15T13:33:14Z [INFO] api-server host1 - Response 200 OK /login user=alice
2025-10-15T13:33:24Z [WARN] api-server host1 - High latency detected: 2100ms
2025-10-15T13:33:26Z [INFO] db-service host2 - Request started for /login
2025-10-15T13:33:27Z [WARN] cache-service host6 - Retry #3 for job=invoice_sync
2025-10-15T13:33:38Z [ERROR] db-service host2 - Database connection timed out after 30s
2025-10-15T13:33:46Z [INFO] scheduler host3 - processed 234 transactions successfully
2025-10-15T13:33:57Z [INFO] cache-service host6 - Response 200 OK /login user=alice
2025-10-15T13:33:58Z [WARN] auth-service host4 - cache miss ratio 18%
2025-10-15T13:34:02Z [INFO] auth-service host4 - Response 200 OK /login user=alice
